app/build 2/intermediates/manifest_merge_blame_file/release/manifest-merger-blame-release-report.txt
1<?xml version="1.0" encoding="utf-8"?>
2<manifest xmlns:android="http://schemas.android.com/apk/res/android"
3    package="com.app.ehealthai.doctor"
4    android:versionCode="20"
5    android:versionName="2.8.2" >
6
7    <uses-sdk
8        android:minSdkVersion="21"
8-->src/main/AndroidManifest.xml
9        android:targetSdkVersion="28" />
9-->src/main/AndroidManifest.xml
10
11    <uses-permission android:name="android.permission.INTERNET" />
11-->src/main/AndroidManifest.xml:6:5-67
11-->src/main/AndroidManifest.xml:6:22-64
12    <uses-permission android:name="android.permission.RECORD_AUDIO" />
12-->src/main/AndroidManifest.xml:7:5-71
12-->src/main/AndroidManifest.xml:7:22-68
13    <uses-permission android:name="android.permission.READ_EXTERNAL_STORAGE" />
13-->src/main/AndroidManifest.xml:8:5-80
13-->src/main/AndroidManifest.xml:8:22-77
14    <uses-permission android:name="android.permission.WRITE_EXTERNAL_STORAGE" />
14-->src/main/AndroidManifest.xml:9:5-81
14-->src/main/AndroidManifest.xml:9:22-78
15    <uses-permission android:name="android.permission.READ_PHONE_STATE" />
15-->src/main/AndroidManifest.xml:10:5-75
15-->src/main/AndroidManifest.xml:10:22-72
16    <uses-permission android:name="android.permission.CAMERA" />
16-->src/main/AndroidManifest.xml:11:5-65
16-->src/main/AndroidManifest.xml:11:22-62
17    <uses-permission android:name="android.permission.MODIFY_AUDIO_SETTINGS" />
17-->src/main/AndroidManifest.xml:12:5-80
17-->src/main/AndroidManifest.xml:12:22-77
18    <uses-permission android:name="android.permission.ACCESS_NETWORK_STATE" /> <!-- The Agora SDK requires Bluetooth permissions in case users are using Bluetooth devices. -->
18-->src/main/AndroidManifest.xml:13:5-79
18-->src/main/AndroidManifest.xml:13:22-76
19    <uses-permission android:name="android.permission.BLUETOOTH" />
19-->src/main/AndroidManifest.xml:14:5-68
19-->src/main/AndroidManifest.xml:14:22-65
20    <uses-permission android:name="android.permission.WAKE_LOCK" />
20-->src/main/AndroidManifest.xml:15:5-68
20-->src/main/AndroidManifest.xml:15:22-65
21    <uses-permission android:name="android.permission.ACCESS_WIFI_STATE" />
21-->src/main/AndroidManifest.xml:16:5-76
21-->src/main/AndroidManifest.xml:16:22-73
22
23    <uses-feature android:name="android.hardware.camera" />
23-->[com.github.jrvansuita:PickImage:2.5.4] AndroidManifest.xml:11:5-60
23-->[com.github.jrvansuita:PickImage:2.5.4] AndroidManifest.xml:11:19-57
24    <uses-feature android:name="android.hardware.camera.autofocus" /> <!-- Required by older versions of Google Play services to create IID tokens -->
24-->[com.github.jrvansuita:PickImage:2.5.4] AndroidManifest.xml:12:5-70
24-->[com.github.jrvansuita:PickImage:2.5.4] AndroidManifest.xml:12:19-67
25    <uses-permission android:name="com.google.android.c2dm.permission.RECEIVE" />
25-->[com.google.firebase:firebase-iid:18.0.0] AndroidManifest.xml:26:5-82
25-->[com.google.firebase:firebase-iid:18.0.0] AndroidManifest.xml:26:22-79
26    <uses-permission android:name="com.google.android.finsky.permission.BIND_GET_INSTALL_REFERRER_SERVICE" />
26-->[com.google.android.gms:play-services-measurement:16.5.0] AndroidManifest.xml:26:5-110
26-->[com.google.android.gms:play-services-measurement:16.5.0] AndroidManifest.xml:26:22-107
27
28    <application
28-->src/main/AndroidManifest.xml:18:5-155:19
29        android:name="com.example.ehealthai.MyApplication"
29-->src/main/AndroidManifest.xml:19:9-59
30        android:allowBackup="true"
30-->src/main/AndroidManifest.xml:20:9-35
31        android:appComponentFactory="androidx.core.app.CoreComponentFactory"
31-->[androidx.core:core:1.3.0] AndroidManifest.xml:24:18-86
32        android:configChanges="orientation"
32-->[com.github.jrvansuita:PickImage:2.5.4] AndroidManifest.xml:17:9-44
33        android:icon="@drawable/smallappicon"
33-->src/main/AndroidManifest.xml:21:9-46
34        android:label="@string/app_name"
34-->src/main/AndroidManifest.xml:22:9-41
35        android:requestLegacyExternalStorage="true"
35-->[com.github.jrvansuita:PickImage:2.5.4] AndroidManifest.xml:19:9-52
36        android:screenOrientation="portrait"
36-->[com.github.jrvansuita:PickImage:2.5.4] AndroidManifest.xml:20:9-45
37        android:supportsRtl="true"
37-->src/main/AndroidManifest.xml:23:9-35
38        android:theme="@style/AppTheme"
38-->src/main/AndroidManifest.xml:24:9-40
39        android:usesCleartextTraffic="true" >
39-->src/main/AndroidManifest.xml:26:9-44
40        <activity
40-->src/main/AndroidManifest.xml:28:9-31:83
41            android:name="com.app.ehealthai.doctor.ui.activities.PatientDetails.PatientAppointment"
41-->src/main/AndroidManifest.xml:29:13-100
42            android:label="@string/title_activity_patient_appointment"
42-->src/main/AndroidManifest.xml:31:13-71
43            android:screenOrientation="portrait" />
43-->src/main/AndroidManifest.xml:30:13-49
44
45        <provider
46            android:name="androidx.core.content.FileProvider"
46-->src/main/AndroidManifest.xml:34:13-62
47            android:authorities="com.app.ehealthai.doctor.com.vansuita.pickimage.provider"
47-->src/main/AndroidManifest.xml:35:13-83
48            android:exported="false"
48-->src/main/AndroidManifest.xml:36:13-37
49            android:grantUriPermissions="true" >
49-->src/main/AndroidManifest.xml:37:13-47
50            <meta-data
50-->src/main/AndroidManifest.xml:39:13-41:65
51                android:name="android.support.FILE_PROVIDER_PATHS"
51-->src/main/AndroidManifest.xml:40:17-67
52                android:resource="@xml/picker_provider_paths" />
52-->src/main/AndroidManifest.xml:41:17-62
53        </provider>
54
55        <activity
55-->src/main/AndroidManifest.xml:44:9-46:61
56            android:name="com.app.ehealthaidoctor.ui.activities.PatientDocumentsActivity"
56-->src/main/AndroidManifest.xml:45:13-67
57            android:screenOrientation="portrait" />
57-->src/main/AndroidManifest.xml:46:13-49
58        <activity
58-->src/main/AndroidManifest.xml:47:9-50:80
59            android:name="com.app.ehealthaidoctor.ui.activities.profile.EditProfileActivity"
59-->src/main/AndroidManifest.xml:48:13-70
60            android:screenOrientation="portrait"
60-->src/main/AndroidManifest.xml:49:13-49
61            android:windowSoftInputMode="stateVisible|adjustResize" />
61-->src/main/AndroidManifest.xml:50:13-68
62        <activity
62-->src/main/AndroidManifest.xml:51:9-53:61
63            android:name="com.app.ehealthaidoctor.ui.activities.profile.ProfileActivity"
63-->src/main/AndroidManifest.xml:52:13-66
64            android:screenOrientation="portrait" />
64-->src/main/AndroidManifest.xml:53:13-49
65        <!--
66         <service
67                android:name=".services.NotificationService"
68                android:exported="false"/>
69        -->
70        <service
70-->src/main/AndroidManifest.xml:59:9-65:19
71            android:name="com.app.ehealthaidoctor.network.firebase.FirebaseIdService"
71-->src/main/AndroidManifest.xml:60:13-63
72            android:permission="false" >
72-->src/main/AndroidManifest.xml:61:13-39
73            <intent-filter>
73-->src/main/AndroidManifest.xml:62:13-64:29
74                <action android:name="com.google.firebase.MESSAGING_EVENT" />
74-->src/main/AndroidManifest.xml:63:17-78
74-->src/main/AndroidManifest.xml:63:25-75
75            </intent-filter>
76        </service>
77
78        <meta-data
78-->src/main/AndroidManifest.xml:67:9-69:72
79            android:name="io.fabric.ApiKey"
79-->src/main/AndroidManifest.xml:68:13-44
80            android:value="d92e18922c5613091358778ee27731ca75eb9797" />
80-->src/main/AndroidManifest.xml:69:13-69
81
82        <activity
82-->src/main/AndroidManifest.xml:71:9-73:61
83            android:name="com.app.ehealthaidoctor.ui.activities.Chat.VideoCallActivity"
83-->src/main/AndroidManifest.xml:72:13-65
84            android:screenOrientation="portrait" />
84-->src/main/AndroidManifest.xml:73:13-49
85        <activity
85-->src/main/AndroidManifest.xml:74:9-76:61
86            android:name="com.app.ehealthaidoctor.ui.activities.AppointmentDetailsActivity"
86-->src/main/AndroidManifest.xml:75:13-69
87            android:screenOrientation="portrait" />
87-->src/main/AndroidManifest.xml:76:13-49
88        <activity
88-->src/main/AndroidManifest.xml:77:9-79:61
89            android:name="com.app.ehealthaidoctor.ui.activities.BillingSummary"
89-->src/main/AndroidManifest.xml:78:13-57
90            android:screenOrientation="portrait" />
90-->src/main/AndroidManifest.xml:79:13-49
91        <activity
91-->src/main/AndroidManifest.xml:80:9-82:61
92            android:name="com.app.ehealthai.doctor.ui.activities.MainActivity"
92-->src/main/AndroidManifest.xml:81:13-79
93            android:screenOrientation="portrait" />
93-->src/main/AndroidManifest.xml:82:13-49
94        <activity android:name="com.app.ehealthaidoctor.ui.activities.AppointmentDetailsActivityNew" />
94-->src/main/AndroidManifest.xml:83:9-90
94-->src/main/AndroidManifest.xml:83:19-78
95        <activity
95-->src/main/AndroidManifest.xml:84:9-88:64
96            android:name="com.app.ehealthai.doctor.ui.activities.AppNotificationsActivity"
96-->src/main/AndroidManifest.xml:85:13-91
97            android:label="Notifications History"
97-->src/main/AndroidManifest.xml:86:13-50
98            android:screenOrientation="portrait"
98-->src/main/AndroidManifest.xml:87:13-49
99            android:windowSoftInputMode="adjustPan" />
99-->src/main/AndroidManifest.xml:88:13-52
100        <activity
100-->src/main/AndroidManifest.xml:89:9-98:20
101            android:name="com.app.ehealthai.doctor.ui.activities.DisplayNotificationDialog"
101-->src/main/AndroidManifest.xml:90:13-92
102            android:label="Alert !"
102-->src/main/AndroidManifest.xml:91:13-36
103            android:theme="@style/Theme.AppCompat.Dialog" >
103-->src/main/AndroidManifest.xml:92:13-58
104            <intent-filter>
104-->src/main/AndroidManifest.xml:93:13-97:29
105                <action android:name="android.intent.action.VIEW" />
105-->src/main/AndroidManifest.xml:94:17-69
105-->src/main/AndroidManifest.xml:94:25-66
106
107                <category android:name="android.intent.category.DEFAULT" />
107-->src/main/AndroidManifest.xml:96:17-76
107-->src/main/AndroidManifest.xml:96:27-73
108            </intent-filter>
109        </activity>
110        <activity android:name="com.app.ehealthai.doctor.ui.activities.VitalsHistory" />
110-->src/main/AndroidManifest.xml:99:9-98
110-->src/main/AndroidManifest.xml:99:19-86
111        <activity android:name="com.app.ehealthai.doctor.ui.activities.MyRatings" />
111-->src/main/AndroidManifest.xml:100:9-85
111-->src/main/AndroidManifest.xml:100:19-82
112        <activity android:name="com.app.ehealthai.doctor.ui.activities.VitalsConfirmation" />
112-->src/main/AndroidManifest.xml:101:9-103
112-->src/main/AndroidManifest.xml:101:19-91
113        <activity android:name="com.app.ehealthaidoctor.ui.activities.AppointmentsActivity" />
113-->src/main/AndroidManifest.xml:102:9-81
113-->src/main/AndroidManifest.xml:102:19-69
114        <activity
114-->src/main/AndroidManifest.xml:103:9-105:61
115            android:name="com.app.ehealthaidoctor.ui.activities.HomeActivity"
115-->src/main/AndroidManifest.xml:104:13-55
116            android:screenOrientation="portrait" />
116-->src/main/AndroidManifest.xml:105:13-49
117        <activity
117-->src/main/AndroidManifest.xml:106:9-108:61
118            android:name="com.app.ehealthaidoctor.ui.activities.LoginActivity"
118-->src/main/AndroidManifest.xml:107:13-56
119            android:screenOrientation="portrait" />
119-->src/main/AndroidManifest.xml:108:13-49
120        <activity
120-->src/main/AndroidManifest.xml:109:9-111:61
121            android:name="com.app.ehealthaidoctor.ui.activities.RegisterNewPatient"
121-->src/main/AndroidManifest.xml:110:13-61
122            android:screenOrientation="portrait" />
122-->src/main/AndroidManifest.xml:111:13-49
123        <activity android:name="com.app.ehealthaidoctor.ui.activities.Chat.AddNewChatActivity" />
123-->src/main/AndroidManifest.xml:112:9-84
123-->src/main/AndroidManifest.xml:112:19-72
124        <activity android:name="com.app.ehealthaidoctor.ui.activities.Chat.ChatActivity" />
124-->src/main/AndroidManifest.xml:113:9-78
124-->src/main/AndroidManifest.xml:113:19-66
125        <activity
125-->src/main/AndroidManifest.xml:114:9-117:61
126            android:name="com.app.ehealthaidoctor.ui.activities.Chat.VideoSessionChat"
126-->src/main/AndroidManifest.xml:115:13-64
127            android:screenOrientation="portrait"
127-->src/main/AndroidManifest.xml:116:13-49
128            android:theme="@style/NoTitleDialog" />
128-->src/main/AndroidManifest.xml:117:13-49
129        <activity android:name="com.app.ehealthaidoctor.ui.activities.Chat.UserChatsActivity" />
129-->src/main/AndroidManifest.xml:118:9-83
129-->src/main/AndroidManifest.xml:118:19-71
130        <activity android:name="com.app.ehealthai.doctor.ui.activities.CpVerification" />
130-->src/main/AndroidManifest.xml:119:9-99
130-->src/main/AndroidManifest.xml:119:19-87
131        <activity android:name="com.app.ehealthai.doctor.ui.activities.ResetPassword" />
131-->src/main/AndroidManifest.xml:120:9-98
131-->src/main/AndroidManifest.xml:120:19-86
132        <activity
132-->src/main/AndroidManifest.xml:121:9-124:61
133            android:name="com.app.ehealthai.doctor.ui.activities.VideoSessionVitalsHistory"
133-->src/main/AndroidManifest.xml:122:13-92
134            android:screenOrientation="portrait"
134-->src/main/AndroidManifest.xml:123:13-49
135            android:theme="@style/NoTitleDialog" />
135-->src/main/AndroidManifest.xml:124:13-49
136        <activity
136-->src/main/AndroidManifest.xml:126:9-129:61
137            android:name="com.app.ehealthai.doctor.ui.activities.VideoSessionMedicineHistory"
137-->src/main/AndroidManifest.xml:127:13-94
138            android:screenOrientation="portrait"
138-->src/main/AndroidManifest.xml:128:13-49
139            android:theme="@style/NoTitleDialog" />
139-->src/main/AndroidManifest.xml:129:13-49
140        <activity
140-->src/main/AndroidManifest.xml:132:9-140:20
141            android:name="com.app.ehealthaidoctor.ui.activities.splashScreen"
141-->src/main/AndroidManifest.xml:133:13-55
142            android:screenOrientation="portrait" >
142-->src/main/AndroidManifest.xml:134:13-49
143            <intent-filter>
143-->src/main/AndroidManifest.xml:135:13-139:29
144                <action android:name="android.intent.action.MAIN" />
144-->src/main/AndroidManifest.xml:136:17-69
144-->src/main/AndroidManifest.xml:136:25-66
145
146                <category android:name="android.intent.category.LAUNCHER" />
146-->src/main/AndroidManifest.xml:138:17-77
146-->src/main/AndroidManifest.xml:138:27-74
147            </intent-filter>
148        </activity>
149        <activity
149-->src/main/AndroidManifest.xml:141:9-154:20
150            android:name="com.app.ehealthaidoctor.ui.activities.VideoSessionActivity"
150-->src/main/AndroidManifest.xml:142:13-63
151            android:screenOrientation="portrait" >
151-->src/main/AndroidManifest.xml:143:13-49
152            <intent-filter>
152-->src/main/AndroidManifest.xml:144:13-153:29
153                <data
153-->src/main/AndroidManifest.xml:145:17-147:46
154                    android:host="ezshifa.com"
154-->src/main/AndroidManifest.xml:146:21-47
155                    android:scheme="https" />
155-->src/main/AndroidManifest.xml:147:21-43
156
157                <action android:name="android.intent.action.VIEW" />
157-->src/main/AndroidManifest.xml:94:17-69
157-->src/main/AndroidManifest.xml:94:25-66
158
159                <category android:name="android.intent.category.DEFAULT" />
159-->src/main/AndroidManifest.xml:96:17-76
159-->src/main/AndroidManifest.xml:96:27-73
160                <category android:name="android.intent.category.BROWSABLE" />
160-->src/main/AndroidManifest.xml:152:17-78
160-->src/main/AndroidManifest.xml:152:27-75
161            </intent-filter>
162        </activity>
163
164        <service
164-->[com.google.firebase:firebase-database:17.0.0] AndroidManifest.xml:29:9-33:19
165            android:name="com.google.firebase.components.ComponentDiscoveryService"
165-->[com.google.firebase:firebase-database:17.0.0] AndroidManifest.xml:29:18-89
166            android:exported="false" >
166-->[com.google.firebase:firebase-auth:17.0.0] AndroidManifest.xml:35:13-37
167            <meta-data
167-->[com.google.firebase:firebase-database:17.0.0] AndroidManifest.xml:30:13-32:85
168                android:name="com.google.firebase.components:com.google.firebase.database.DatabaseRegistrar"
168-->[com.google.firebase:firebase-database:17.0.0] AndroidManifest.xml:31:17-109
169                android:value="com.google.firebase.components.ComponentRegistrar" />
169-->[com.google.firebase:firebase-database:17.0.0] AndroidManifest.xml:32:17-82
170            <meta-data
170-->[com.google.firebase:firebase-storage:17.0.0] AndroidManifest.xml:31:13-33:85
171                android:name="com.google.firebase.components:com.google.firebase.storage.StorageRegistrar"
171-->[com.google.firebase:firebase-storage:17.0.0] AndroidManifest.xml:32:17-107
172                android:value="com.google.firebase.components.ComponentRegistrar" />
172-->[com.google.firebase:firebase-storage:17.0.0] AndroidManifest.xml:33:17-82
173            <meta-data
173-->[com.google.firebase:firebase-auth:17.0.0] AndroidManifest.xml:36:13-38:85
174                android:name="com.google.firebase.components:com.google.firebase.auth.FirebaseAuthRegistrar"
174-->[com.google.firebase:firebase-auth:17.0.0] AndroidManifest.xml:37:17-109
175                android:value="com.google.firebase.components.ComponentRegistrar" />
175-->[com.google.firebase:firebase-auth:17.0.0] AndroidManifest.xml:38:17-82
176            <meta-data
176-->[com.google.android.gms:play-services-measurement-api:16.5.0] AndroidManifest.xml:30:13-32:85
177                android:name="com.google.firebase.components:com.google.firebase.analytics.connector.internal.AnalyticsConnectorRegistrar"
177-->[com.google.android.gms:play-services-measurement-api:16.5.0] AndroidManifest.xml:31:17-139
178                android:value="com.google.firebase.components.ComponentRegistrar" />
178-->[com.google.android.gms:play-services-measurement-api:16.5.0] AndroidManifest.xml:32:17-82
179            <meta-data
179-->[com.google.firebase:firebase-iid:18.0.0] AndroidManifest.xml:32:13-34:85
180                android:name="com.google.firebase.components:com.google.firebase.iid.Registrar"
180-->[com.google.firebase:firebase-iid:18.0.0] AndroidManifest.xml:33:17-96
181                android:value="com.google.firebase.components.ComponentRegistrar" />
181-->[com.google.firebase:firebase-iid:18.0.0] AndroidManifest.xml:34:17-82
182        </service>
183        <!--
184             FirebaseMessagingService performs security checks at runtime,
185             but set to not exported to explicitly avoid allowing another app to call it.
186        -->
187        <service
187-->[com.google.firebase:firebase-messaging:18.0.0] AndroidManifest.xml:28:9-34:19
188            android:name="com.google.firebase.messaging.FirebaseMessagingService"
188-->[com.google.firebase:firebase-messaging:18.0.0] AndroidManifest.xml:29:13-82
189            android:exported="false" >
189-->[com.google.firebase:firebase-messaging:18.0.0] AndroidManifest.xml:30:13-37
190            <intent-filter android:priority="-500" >
190-->src/main/AndroidManifest.xml:62:13-64:29
191                <action android:name="com.google.firebase.MESSAGING_EVENT" />
191-->src/main/AndroidManifest.xml:63:17-78
191-->src/main/AndroidManifest.xml:63:25-75
192            </intent-filter>
193        </service>
194
195        <activity
195-->[com.google.firebase:firebase-auth:17.0.0] AndroidManifest.xml:24:9-31:50
196            android:name="com.google.firebase.auth.internal.FederatedSignInActivity"
196-->[com.google.firebase:firebase-auth:17.0.0] AndroidManifest.xml:25:13-85
197            android:excludeFromRecents="true"
197-->[com.google.firebase:firebase-auth:17.0.0] AndroidManifest.xml:26:13-46
198            android:exported="true"
198-->[com.google.firebase:firebase-auth:17.0.0] AndroidManifest.xml:27:13-36
199            android:launchMode="singleTask"
199-->[com.google.firebase:firebase-auth:17.0.0] AndroidManifest.xml:28:13-44
200            android:permission="com.google.firebase.auth.api.gms.permission.LAUNCH_FEDERATED_SIGN_IN"
200-->[com.google.firebase:firebase-auth:17.0.0] AndroidManifest.xml:29:13-102
201            android:theme="@android:style/Theme.Translucent.NoTitleBar" />
201-->[com.google.firebase:firebase-auth:17.0.0] AndroidManifest.xml:30:13-72
202
203        <provider
203-->[com.squareup.picasso:picasso:2.71828] AndroidManifest.xml:8:9-11:40
204            android:name="com.squareup.picasso.PicassoProvider"
204-->[com.squareup.picasso:picasso:2.71828] AndroidManifest.xml:9:13-64
205            android:authorities="com.app.ehealthai.doctor.com.squareup.picasso"
205-->[com.squareup.picasso:picasso:2.71828] AndroidManifest.xml:10:13-72
206            android:exported="false" />
206-->[com.squareup.picasso:picasso:2.71828] AndroidManifest.xml:11:13-37
207        <provider
207-->[com.crashlytics.sdk.android:crashlytics:2.9.9] AndroidManifest.xml:12:9-16:38
208            android:name="com.crashlytics.android.CrashlyticsInitProvider"
208-->[com.crashlytics.sdk.android:crashlytics:2.9.9] AndroidManifest.xml:13:13-75
209            android:authorities="com.app.ehealthai.doctor.crashlyticsinitprovider"
209-->[com.crashlytics.sdk.android:crashlytics:2.9.9] AndroidManifest.xml:14:13-75
210            android:exported="false"
210-->[com.crashlytics.sdk.android:crashlytics:2.9.9] AndroidManifest.xml:15:13-37
211            android:initOrder="90" />
211-->[com.crashlytics.sdk.android:crashlytics:2.9.9] AndroidManifest.xml:16:13-35
212
213        <receiver
213-->[com.google.firebase:firebase-iid:18.0.0] AndroidManifest.xml:37:9-44:20
214            android:name="com.google.firebase.iid.FirebaseInstanceIdReceiver"
214-->[com.google.firebase:firebase-iid:18.0.0] AndroidManifest.xml:38:13-78
215            android:exported="true"
215-->[com.google.firebase:firebase-iid:18.0.0] AndroidManifest.xml:39:13-36
216            android:permission="com.google.android.c2dm.permission.SEND" >
216-->[com.google.firebase:firebase-iid:18.0.0] AndroidManifest.xml:40:13-73
217            <intent-filter>
217-->[com.google.firebase:firebase-iid:18.0.0] AndroidManifest.xml:41:13-43:29
218                <action android:name="com.google.android.c2dm.intent.RECEIVE" />
218-->[com.google.firebase:firebase-iid:18.0.0] AndroidManifest.xml:42:17-81
218-->[com.google.firebase:firebase-iid:18.0.0] AndroidManifest.xml:42:25-78
219            </intent-filter>
220        </receiver>
221
222        <activity
222-->[com.google.android.gms:play-services-base:16.0.1] AndroidManifest.xml:23:9-26:75
223            android:name="com.google.android.gms.common.api.GoogleApiActivity"
223-->[com.google.android.gms:play-services-base:16.0.1] AndroidManifest.xml:24:13-79
224            android:exported="false"
224-->[com.google.android.gms:play-services-base:16.0.1] AndroidManifest.xml:25:13-37
225            android:theme="@android:style/Theme.Translucent.NoTitleBar" />
225-->[com.google.android.gms:play-services-base:16.0.1] AndroidManifest.xml:26:13-72
226
227        <provider
227-->[com.google.firebase:firebase-common:17.0.0] AndroidManifest.xml:12:9-16:39
228            android:name="com.google.firebase.provider.FirebaseInitProvider"
228-->[com.google.firebase:firebase-common:17.0.0] AndroidManifest.xml:13:13-77
229            android:authorities="com.app.ehealthai.doctor.firebaseinitprovider"
229-->[com.google.firebase:firebase-common:17.0.0] AndroidManifest.xml:14:13-72
230            android:exported="false"
230-->[com.google.firebase:firebase-common:17.0.0] AndroidManifest.xml:15:13-37
231            android:initOrder="100" />
231-->[com.google.firebase:firebase-common:17.0.0] AndroidManifest.xml:16:13-36
232
233        <receiver
233-->[com.google.android.gms:play-services-measurement:16.5.0] AndroidManifest.xml:29:9-33:20
234            android:name="com.google.android.gms.measurement.AppMeasurementReceiver"
234-->[com.google.android.gms:play-services-measurement:16.5.0] AndroidManifest.xml:30:13-85
235            android:enabled="true"
235-->[com.google.android.gms:play-services-measurement:16.5.0] AndroidManifest.xml:31:13-35
236            android:exported="false" >
236-->[com.google.android.gms:play-services-measurement:16.5.0] AndroidManifest.xml:32:13-37
237        </receiver>
238        <receiver
238-->[com.google.android.gms:play-services-measurement:16.5.0] AndroidManifest.xml:34:9-42:20
239            android:name="com.google.android.gms.measurement.AppMeasurementInstallReferrerReceiver"
239-->[com.google.android.gms:play-services-measurement:16.5.0] AndroidManifest.xml:35:13-100
240            android:enabled="true"
240-->[com.google.android.gms:play-services-measurement:16.5.0] AndroidManifest.xml:36:13-35
241            android:exported="true"
241-->[com.google.android.gms:play-services-measurement:16.5.0] AndroidManifest.xml:37:13-36
242            android:permission="android.permission.INSTALL_PACKAGES" >
242-->[com.google.android.gms:play-services-measurement:16.5.0] AndroidManifest.xml:38:13-69
243            <intent-filter>
243-->[com.google.android.gms:play-services-measurement:16.5.0] AndroidManifest.xml:39:13-41:29
244                <action android:name="com.android.vending.INSTALL_REFERRER" />
244-->[com.google.android.gms:play-services-measurement:16.5.0] AndroidManifest.xml:40:17-79
244-->[com.google.android.gms:play-services-measurement:16.5.0] AndroidManifest.xml:40:25-76
245            </intent-filter>
246        </receiver>
247
248        <service
248-->[com.google.android.gms:play-services-measurement:16.5.0] AndroidManifest.xml:44:9-47:40
249            android:name="com.google.android.gms.measurement.AppMeasurementService"
249-->[com.google.android.gms:play-services-measurement:16.5.0] AndroidManifest.xml:45:13-84
250            android:enabled="true"
250-->[com.google.android.gms:play-services-measurement:16.5.0] AndroidManifest.xml:46:13-35
251            android:exported="false" />
251-->[com.google.android.gms:play-services-measurement:16.5.0] AndroidManifest.xml:47:13-37
252        <service
252-->[com.google.android.gms:play-services-measurement:16.5.0] AndroidManifest.xml:48:9-52:72
253            android:name="com.google.android.gms.measurement.AppMeasurementJobService"
253-->[com.google.android.gms:play-services-measurement:16.5.0] AndroidManifest.xml:49:13-87
254            android:enabled="true"
254-->[com.google.android.gms:play-services-measurement:16.5.0] AndroidManifest.xml:50:13-35
255            android:exported="false"
255-->[com.google.android.gms:play-services-measurement:16.5.0] AndroidManifest.xml:51:13-37
256            android:permission="android.permission.BIND_JOB_SERVICE" />
256-->[com.google.android.gms:play-services-measurement:16.5.0] AndroidManifest.xml:52:13-69
257
258        <meta-data
258-->[com.google.android.gms:play-services-basement:16.2.0] AndroidManifest.xml:23:9-25:69
259            android:name="com.google.android.gms.version"
259-->[com.google.android.gms:play-services-basement:16.2.0] AndroidManifest.xml:24:13-58
260            android:value="@integer/google_play_services_version" />
260-->[com.google.android.gms:play-services-basement:16.2.0] AndroidManifest.xml:25:13-66
261
262        <provider
262-->[androidx.lifecycle:lifecycle-process:2.2.0] AndroidManifest.xml:25:9-29:43
263            android:name="androidx.lifecycle.ProcessLifecycleOwnerInitializer"
263-->[androidx.lifecycle:lifecycle-process:2.2.0] AndroidManifest.xml:26:13-79
264            android:authorities="com.app.ehealthai.doctor.lifecycle-process"
264-->[androidx.lifecycle:lifecycle-process:2.2.0] AndroidManifest.xml:27:13-69
265            android:exported="false"
265-->[androidx.lifecycle:lifecycle-process:2.2.0] AndroidManifest.xml:28:13-37
266            android:multiprocess="true" />
266-->[androidx.lifecycle:lifecycle-process:2.2.0] AndroidManifest.xml:29:13-40
267    </application>
268
269</manifest>